Linked: (/home/rajtagore/rgp2_ws/devel/.private/vision/share/vision/cmake/vision-msg-extras.cmake, /home/rajtagore/rgp2_ws/devel/share/vision/cmake/vision-msg-extras.cmake)
Linked: (/home/rajtagore/rgp2_ws/devel/.private/vision/share/vision/cmake/visionConfig-version.cmake, /home/rajtagore/rgp2_ws/devel/share/vision/cmake/visionConfig-version.cmake)
Linked: (/home/rajtagore/rgp2_ws/devel/.private/vision/share/vision/cmake/vision-msg-paths.cmake, /home/rajtagore/rgp2_ws/devel/share/vision/cmake/vision-msg-paths.cmake)
Linked: (/home/rajtagore/rgp2_ws/devel/.private/vision/share/vision/cmake/visionConfig.cmake, /home/rajtagore/rgp2_ws/devel/share/vision/cmake/visionConfig.cmake)
Linked: (/home/rajtagore/rgp2_ws/devel/.private/vision/share/roseus/ros/vision/manifest.l, /home/rajtagore/rgp2_ws/devel/share/roseus/ros/vision/manifest.l)
Linked: (/home/rajtagore/rgp2_ws/devel/.private/vision/share/roseus/ros/vision/msg/ObjCloud.l, /home/rajtagore/rgp2_ws/devel/share/roseus/ros/vision/msg/ObjCloud.l)
Linked: (/home/rajtagore/rgp2_ws/devel/.private/vision/share/roseus/ros/vision/msg/ObjPose.l, /home/rajtagore/rgp2_ws/devel/share/roseus/ros/vision/msg/ObjPose.l)
Linked: (/home/rajtagore/rgp2_ws/devel/.private/vision/share/gennodejs/ros/vision/_index.js, /home/rajtagore/rgp2_ws/devel/share/gennodejs/ros/vision/_index.js)
Linked: (/home/rajtagore/rgp2_ws/devel/.private/vision/share/gennodejs/ros/vision/msg/ObjPose.js, /home/rajtagore/rgp2_ws/devel/share/gennodejs/ros/vision/msg/ObjPose.js)
Linked: (/home/rajtagore/rgp2_ws/devel/.private/vision/share/gennodejs/ros/vision/msg/_index.js, /home/rajtagore/rgp2_ws/devel/share/gennodejs/ros/vision/msg/_index.js)
Linked: (/home/rajtagore/rgp2_ws/devel/.private/vision/share/gennodejs/ros/vision/msg/ObjCloud.js, /home/rajtagore/rgp2_ws/devel/share/gennodejs/ros/vision/msg/ObjCloud.js)
Linked: (/home/rajtagore/rgp2_ws/devel/.private/vision/share/common-lisp/ros/vision/msg/ObjPose.lisp, /home/rajtagore/rgp2_ws/devel/share/common-lisp/ros/vision/msg/ObjPose.lisp)
Linked: (/home/rajtagore/rgp2_ws/devel/.private/vision/share/common-lisp/ros/vision/msg/_package_ObjPose.lisp, /home/rajtagore/rgp2_ws/devel/share/common-lisp/ros/vision/msg/_package_ObjPose.lisp)
Linked: (/home/rajtagore/rgp2_ws/devel/.private/vision/share/common-lisp/ros/vision/msg/vision-msg.asd, /home/rajtagore/rgp2_ws/devel/share/common-lisp/ros/vision/msg/vision-msg.asd)
Linked: (/home/rajtagore/rgp2_ws/devel/.private/vision/share/common-lisp/ros/vision/msg/ObjCloud.lisp, /home/rajtagore/rgp2_ws/devel/share/common-lisp/ros/vision/msg/ObjCloud.lisp)
Linked: (/home/rajtagore/rgp2_ws/devel/.private/vision/share/common-lisp/ros/vision/msg/_package.lisp, /home/rajtagore/rgp2_ws/devel/share/common-lisp/ros/vision/msg/_package.lisp)
Linked: (/home/rajtagore/rgp2_ws/devel/.private/vision/share/common-lisp/ros/vision/msg/_package_ObjCloud.lisp, /home/rajtagore/rgp2_ws/devel/share/common-lisp/ros/vision/msg/_package_ObjCloud.lisp)
Linked: (/home/rajtagore/rgp2_ws/devel/.private/vision/include/vision/ObjCloud.h, /home/rajtagore/rgp2_ws/devel/include/vision/ObjCloud.h)
Linked: (/home/rajtagore/rgp2_ws/devel/.private/vision/include/vision/ObjPose.h, /home/rajtagore/rgp2_ws/devel/include/vision/ObjPose.h)
Linked: (/home/rajtagore/rgp2_ws/devel/.private/vision/lib/python3/dist-packages/vision/__init__.py, /home/rajtagore/rgp2_ws/devel/lib/python3/dist-packages/vision/__init__.py)
Linked: (/home/rajtagore/rgp2_ws/devel/.private/vision/lib/python3/dist-packages/vision/msg/__init__.py, /home/rajtagore/rgp2_ws/devel/lib/python3/dist-packages/vision/msg/__init__.py)
Linked: (/home/rajtagore/rgp2_ws/devel/.private/vision/lib/python3/dist-packages/vision/msg/_ObjCloud.py, /home/rajtagore/rgp2_ws/devel/lib/python3/dist-packages/vision/msg/_ObjCloud.py)
Linked: (/home/rajtagore/rgp2_ws/devel/.private/vision/lib/python3/dist-packages/vision/msg/_ObjPose.py, /home/rajtagore/rgp2_ws/devel/lib/python3/dist-packages/vision/msg/_ObjPose.py)
Linked: (/home/rajtagore/rgp2_ws/devel/.private/vision/lib/pkgconfig/vision.pc, /home/rajtagore/rgp2_ws/devel/lib/pkgconfig/vision.pc)
