Symlinking /home/rajtagore/rgp2_ws/devel/share/vision/cmake/vision-msg-extras.cmake
Symlinking /home/rajtagore/rgp2_ws/devel/share/vision/cmake/visionConfig-version.cmake
Symlinking /home/rajtagore/rgp2_ws/devel/share/vision/cmake/vision-msg-paths.cmake
Symlinking /home/rajtagore/rgp2_ws/devel/share/vision/cmake/visionConfig.cmake
Symlinking /home/rajtagore/rgp2_ws/devel/share/roseus/ros/vision/manifest.l
Symlinking /home/rajtagore/rgp2_ws/devel/share/roseus/ros/vision/msg/ObjCloud.l
Symlinking /home/rajtagore/rgp2_ws/devel/share/roseus/ros/vision/msg/ObjPose.l
Symlinking /home/rajtagore/rgp2_ws/devel/share/gennodejs/ros/vision/_index.js
Symlinking /home/rajtagore/rgp2_ws/devel/share/gennodejs/ros/vision/msg/ObjPose.js
Symlinking /home/rajtagore/rgp2_ws/devel/share/gennodejs/ros/vision/msg/_index.js
Symlinking /home/rajtagore/rgp2_ws/devel/share/gennodejs/ros/vision/msg/ObjCloud.js
Symlinking /home/rajtagore/rgp2_ws/devel/share/common-lisp/ros/vision/msg/ObjPose.lisp
Symlinking /home/rajtagore/rgp2_ws/devel/share/common-lisp/ros/vision/msg/_package_ObjPose.lisp
Symlinking /home/rajtagore/rgp2_ws/devel/share/common-lisp/ros/vision/msg/vision-msg.asd
Symlinking /home/rajtagore/rgp2_ws/devel/share/common-lisp/ros/vision/msg/ObjCloud.lisp
Symlinking /home/rajtagore/rgp2_ws/devel/share/common-lisp/ros/vision/msg/_package.lisp
Symlinking /home/rajtagore/rgp2_ws/devel/share/common-lisp/ros/vision/msg/_package_ObjCloud.lisp
Symlinking /home/rajtagore/rgp2_ws/devel/include/vision/ObjCloud.h
Symlinking /home/rajtagore/rgp2_ws/devel/include/vision/ObjPose.h
Symlinking /home/rajtagore/rgp2_ws/devel/lib/python3/dist-packages/vision/__init__.py
Symlinking /home/rajtagore/rgp2_ws/devel/lib/python3/dist-packages/vision/msg/__init__.py
Symlinking /home/rajtagore/rgp2_ws/devel/lib/python3/dist-packages/vision/msg/_ObjCloud.py
Symlinking /home/rajtagore/rgp2_ws/devel/lib/python3/dist-packages/vision/msg/_ObjPose.py
Symlinking /home/rajtagore/rgp2_ws/devel/lib/pkgconfig/vision.pc
