[35m[1mScanning dependencies of target _vision_generate_messages_check_deps_ObjPose[0m
[35m[1mScanning dependencies of target sensor_msgs_generate_messages_cpp[0m
[35m[1mScanning dependencies of target std_msgs_generate_messages_py[0m
[35m[1mScanning dependencies of target std_msgs_generate_messages_cpp[0m
[35m[1mScanning dependencies of target _vision_generate_messages_check_deps_ObjCloud[0m
[35m[1mScanning dependencies of target sensor_msgs_generate_messages_py[0m
[  0%] Built target sensor_msgs_generate_messages_cpp
[  0%] Built target std_msgs_generate_messages_py
[  0%] Built target std_msgs_generate_messages_cpp
[  0%] Built target sensor_msgs_generate_messages_py
[35m[1mScanning dependencies of target std_msgs_generate_messages_nodejs[0m
[35m[1mScanning dependencies of target sensor_msgs_generate_messages_nodejs[0m
[35m[1mScanning dependencies of target sensor_msgs_generate_messages_eus[0m
[  0%] Built target _vision_generate_messages_check_deps_ObjPose
[  0%] Built target std_msgs_generate_messages_nodejs
[35m[1mScanning dependencies of target std_msgs_generate_messages_eus[0m
[35m[1mScanning dependencies of target std_msgs_generate_messages_lisp[0m
[  0%] Built target sensor_msgs_generate_messages_nodejs
[  0%] Built target sensor_msgs_generate_messages_eus
[  0%] Built target std_msgs_generate_messages_eus
[35m[1mScanning dependencies of target sensor_msgs_generate_messages_lisp[0m
[  0%] Built target std_msgs_generate_messages_lisp
[  0%] Built target _vision_generate_messages_check_deps_ObjCloud
[35m[1mScanning dependencies of target vision_generate_messages_cpp[0m
[35m[1mScanning dependencies of target vision_generate_messages_nodejs[0m
[35m[1mScanning dependencies of target vision_generate_messages_eus[0m
[35m[1mScanning dependencies of target vision_generate_messages_py[0m
[  0%] Built target sensor_msgs_generate_messages_lisp
[  8%] [34m[1mGenerating Javascript code from vision/ObjPose.msg[0m
[ 16%] [34m[1mGenerating C++ code from vision/ObjCloud.msg[0m
[ 25%] [34m[1mGenerating Javascript code from vision/ObjCloud.msg[0m
[ 33%] [34m[1mGenerating C++ code from vision/ObjPose.msg[0m
[ 41%] [34m[1mGenerating EusLisp code from vision/ObjCloud.msg[0m
[ 50%] [34m[1mGenerating Python from MSG vision/ObjCloud[0m
[ 50%] Built target vision_generate_messages_nodejs
[35m[1mScanning dependencies of target vision_generate_messages_lisp[0m
[ 58%] [34m[1mGenerating Lisp code from vision/ObjCloud.msg[0m
[ 58%] Built target vision_generate_messages_cpp
[ 66%] [34m[1mGenerating EusLisp code from vision/ObjPose.msg[0m
[ 75%] [34m[1mGenerating Lisp code from vision/ObjPose.msg[0m
[ 83%] [34m[1mGenerating Python from MSG vision/ObjPose[0m
[ 83%] Built target vision_generate_messages_lisp
[ 91%] [34m[1mGenerating EusLisp manifest code for vision[0m
[100%] [34m[1mGenerating Python msg __init__.py for vision[0m
[100%] Built target vision_generate_messages_py
[100%] Built target vision_generate_messages_eus
[35m[1mScanning dependencies of target vision_generate_messages[0m
[100%] Built target vision_generate_messages
